<?xml version="1.0" encoding="UTF-8"?>
<testng-results skipped="0" failed="0" total="23" passed="23">
  <reporter-output>
  </reporter-output>
  <suite name="Command line suite" duration-ms="4915" started-at="2019-01-24T12:08:36Z" finished-at="2019-01-24T12:08:40Z">
    <groups>
    </groups>
    <test name="Command line test" duration-ms="4915" started-at="2019-01-24T12:08:36Z" finished-at="2019-01-24T12:08:40Z">
      <class name="com.websystique.springmvc.controller.AppControllerTest">
        <test-method status="PASS" signature="setUp()[pri:0, instance:com.websystique.springmvc.controller.AppControllerTest@23e028a9]" name="setUp" is-config="true" duration-ms="389" started-at="2019-01-24T17:38:36Z" finished-at="2019-01-24T17:38:36Z">
          <reporter-output>
          </reporter-output>
        </test-method> <!-- setUp -->
        <test-method status="PASS" signature="deleteEmployee()[pri:0, instance:com.websystique.springmvc.controller.AppControllerTest@23e028a9]" name="deleteEmployee" duration-ms="16" started-at="2019-01-24T17:38:36Z" finished-at="2019-01-24T17:38:36Z">
          <reporter-output>
          </reporter-output>
        </test-method> <!-- deleteEmployee -->
        <test-method status="PASS" signature="editEmployee()[pri:0, instance:com.websystique.springmvc.controller.AppControllerTest@23e028a9]" name="editEmployee" duration-ms="45" started-at="2019-01-24T17:38:36Z" finished-at="2019-01-24T17:38:36Z">
          <reporter-output>
          </reporter-output>
        </test-method> <!-- editEmployee -->
        <test-method status="PASS" signature="listEmployees()[pri:0, instance:com.websystique.springmvc.controller.AppControllerTest@23e028a9]" name="listEmployees" duration-ms="7" started-at="2019-01-24T17:38:36Z" finished-at="2019-01-24T17:38:36Z">
          <reporter-output>
          </reporter-output>
        </test-method> <!-- listEmployees -->
        <test-method status="PASS" signature="newEmployee()[pri:0, instance:com.websystique.springmvc.controller.AppControllerTest@23e028a9]" name="newEmployee" duration-ms="1" started-at="2019-01-24T17:38:36Z" finished-at="2019-01-24T17:38:36Z">
          <reporter-output>
          </reporter-output>
        </test-method> <!-- newEmployee -->
        <test-method status="PASS" signature="saveEmployeeWithSuccess()[pri:0, instance:com.websystique.springmvc.controller.AppControllerTest@23e028a9]" name="saveEmployeeWithSuccess" duration-ms="1" started-at="2019-01-24T17:38:36Z" finished-at="2019-01-24T17:38:36Z">
          <reporter-output>
          </reporter-output>
        </test-method> <!-- saveEmployeeWithSuccess -->
        <test-method status="PASS" signature="saveEmployeeWithValidationError()[pri:0, instance:com.websystique.springmvc.controller.AppControllerTest@23e028a9]" name="saveEmployeeWithValidationError" duration-ms="0" started-at="2019-01-24T17:38:36Z" finished-at="2019-01-24T17:38:36Z">
          <reporter-output>
          </reporter-output>
        </test-method> <!-- saveEmployeeWithValidationError -->
        <test-method status="PASS" signature="saveEmployeeWithValidationErrorNonUniqueSSN()[pri:0, instance:com.websystique.springmvc.controller.AppControllerTest@23e028a9]" name="saveEmployeeWithValidationErrorNonUniqueSSN" duration-ms="2" started-at="2019-01-24T17:38:36Z" finished-at="2019-01-24T17:38:36Z">
          <reporter-output>
          </reporter-output>
        </test-method> <!-- saveEmployeeWithValidationErrorNonUniqueSSN -->
        <test-method status="PASS" signature="updateEmployeeWithSuccess()[pri:0, instance:com.websystique.springmvc.controller.AppControllerTest@23e028a9]" name="updateEmployeeWithSuccess" duration-ms="2" started-at="2019-01-24T17:38:36Z" finished-at="2019-01-24T17:38:36Z">
          <reporter-output>
          </reporter-output>
        </test-method> <!-- updateEmployeeWithSuccess -->
        <test-method status="PASS" signature="updateEmployeeWithValidationErrorNonUniqueSSN()[pri:0, instance:com.websystique.springmvc.controller.AppControllerTest@23e028a9]" name="updateEmployeeWithValidationErrorNonUniqueSSN" duration-ms="1" started-at="2019-01-24T17:38:36Z" finished-at="2019-01-24T17:38:36Z">
          <reporter-output>
          </reporter-output>
        </test-method> <!-- updateEmployeeWithValidationErrorNonUniqueSSN -->
        <test-method status="PASS" signature="updateEmployeeWithValidationError()[pri:0, instance:com.websystique.springmvc.controller.AppControllerTest@23e028a9]" name="updateEmployeeWithValidationError" duration-ms="0" started-at="2019-01-24T17:38:36Z" finished-at="2019-01-24T17:38:36Z">
          <reporter-output>
          </reporter-output>
        </test-method> <!-- updateEmployeeWithValidationError -->
      </class> <!-- com.websystique.springmvc.controller.AppControllerTest -->
      <class name="com.websystique.springmvc.service.EmployeeServiceImplTest">
        <test-method status="PASS" signature="setUp()[pri:0, instance:com.websystique.springmvc.service.EmployeeServiceImplTest@6321e813]" name="setUp" is-config="true" duration-ms="11" started-at="2019-01-24T17:38:40Z" finished-at="2019-01-24T17:38:40Z">
          <reporter-output>
          </reporter-output>
        </test-method> <!-- setUp -->
        <test-method status="PASS" signature="deleteEmployeeBySsn()[pri:0, instance:com.websystique.springmvc.service.EmployeeServiceImplTest@6321e813]" name="deleteEmployeeBySsn" duration-ms="1" started-at="2019-01-24T17:38:40Z" finished-at="2019-01-24T17:38:40Z">
          <reporter-output>
          </reporter-output>
        </test-method> <!-- deleteEmployeeBySsn -->
        <test-method status="PASS" signature="findAllEmployees()[pri:0, instance:com.websystique.springmvc.service.EmployeeServiceImplTest@6321e813]" name="findAllEmployees" duration-ms="0" started-at="2019-01-24T17:38:40Z" finished-at="2019-01-24T17:38:40Z">
          <reporter-output>
          </reporter-output>
        </test-method> <!-- findAllEmployees -->
        <test-method status="PASS" signature="findById()[pri:0, instance:com.websystique.springmvc.service.EmployeeServiceImplTest@6321e813]" name="findById" duration-ms="1" started-at="2019-01-24T17:38:40Z" finished-at="2019-01-24T17:38:40Z">
          <reporter-output>
          </reporter-output>
        </test-method> <!-- findById -->
        <test-method status="PASS" signature="isEmployeeSsnUnique()[pri:0, instance:com.websystique.springmvc.service.EmployeeServiceImplTest@6321e813]" name="isEmployeeSsnUnique" duration-ms="1" started-at="2019-01-24T17:38:40Z" finished-at="2019-01-24T17:38:40Z">
          <reporter-output>
          </reporter-output>
        </test-method> <!-- isEmployeeSsnUnique -->
        <test-method status="PASS" signature="findEmployeeBySsn()[pri:0, instance:com.websystique.springmvc.service.EmployeeServiceImplTest@6321e813]" name="findEmployeeBySsn" duration-ms="0" started-at="2019-01-24T17:38:40Z" finished-at="2019-01-24T17:38:40Z">
          <reporter-output>
          </reporter-output>
        </test-method> <!-- findEmployeeBySsn -->
        <test-method status="PASS" signature="updateEmployee()[pri:0, instance:com.websystique.springmvc.service.EmployeeServiceImplTest@6321e813]" name="updateEmployee" duration-ms="1" started-at="2019-01-24T17:38:40Z" finished-at="2019-01-24T17:38:40Z">
          <reporter-output>
          </reporter-output>
        </test-method> <!-- updateEmployee -->
        <test-method status="PASS" signature="saveEmployee()[pri:0, instance:com.websystique.springmvc.service.EmployeeServiceImplTest@6321e813]" name="saveEmployee" duration-ms="0" started-at="2019-01-24T17:38:40Z" finished-at="2019-01-24T17:38:40Z">
          <reporter-output>
          </reporter-output>
        </test-method> <!-- saveEmployee -->
      </class> <!-- com.websystique.springmvc.service.EmployeeServiceImplTest -->
      <class name="com.websystique.springmvc.dao.EmployeeDaoImplTest">
        <test-method status="PASS" signature="springTestContextBeforeTestClass()[pri:0, instance:com.websystique.springmvc.dao.EmployeeDaoImplTest@49fc609f]" name="springTestContextBeforeTestClass" is-config="true" duration-ms="1" started-at="2019-01-24T17:38:36Z" finished-at="2019-01-24T17:38:36Z">
          <reporter-output>
          </reporter-output>
        </test-method> <!-- springTestContextBeforeTestClass -->
        <test-method status="PASS" signature="springTestContextPrepareTestInstance()[pri:0, instance:com.websystique.springmvc.dao.EmployeeDaoImplTest@49fc609f]" name="springTestContextPrepareTestInstance" is-config="true" duration-ms="3667" started-at="2019-01-24T17:38:36Z" depends-on-methods="org.springframework.test.context.testng.AbstractTestNGSpringContextTests.springTestContextBeforeTestClass" finished-at="2019-01-24T17:38:40Z">
          <reporter-output>
          </reporter-output>
        </test-method> <!-- springTestContextPrepareTestInstance -->
        <test-method status="PASS" signature="springTestContextBeforeTestMethod(java.lang.reflect.Method)[pri:0, instance:com.websystique.springmvc.dao.EmployeeDaoImplTest@49fc609f]" name="springTestContextBeforeTestMethod" is-config="true" duration-ms="82" started-at="2019-01-24T17:38:40Z" finished-at="2019-01-24T17:38:40Z">
          <params>
            <param index="0">
              <value>
                <![CDATA[public void com.websystique.springmvc.dao.EmployeeDaoImplTest.deleteEmployeeByInvalidSsn()]]>
              </value>
            </param>
          </params>
          <reporter-output>
          </reporter-output>
        </test-method> <!-- springTestContextBeforeTestMethod -->
        <test-method status="PASS" signature="setUp()[pri:0, instance:com.websystique.springmvc.dao.EmployeeDaoImplTest@49fc609f]" name="setUp" is-config="true" duration-ms="317" started-at="2019-01-24T17:38:40Z" finished-at="2019-01-24T17:38:40Z">
          <reporter-output>
          </reporter-output>
        </test-method> <!-- setUp -->
        <test-method status="PASS" signature="deleteEmployeeByInvalidSsn()[pri:0, instance:com.websystique.springmvc.dao.EmployeeDaoImplTest@49fc609f]" name="deleteEmployeeByInvalidSsn" duration-ms="104" started-at="2019-01-24T17:38:40Z" finished-at="2019-01-24T17:38:40Z">
          <reporter-output>
          </reporter-output>
        </test-method> <!-- deleteEmployeeByInvalidSsn -->
        <test-method status="PASS" signature="springTestContextAfterTestMethod(java.lang.reflect.Method)[pri:0, instance:com.websystique.springmvc.dao.EmployeeDaoImplTest@49fc609f]" name="springTestContextAfterTestMethod" is-config="true" duration-ms="7" started-at="2019-01-24T17:38:40Z" finished-at="2019-01-24T17:38:40Z">
          <params>
            <param index="0">
              <value>
                <![CDATA[public void com.websystique.springmvc.dao.EmployeeDaoImplTest.deleteEmployeeByInvalidSsn()]]>
              </value>
            </param>
          </params>
          <reporter-output>
          </reporter-output>
        </test-method> <!-- springTestContextAfterTestMethod -->
        <test-method status="PASS" signature="springTestContextBeforeTestMethod(java.lang.reflect.Method)[pri:0, instance:com.websystique.springmvc.dao.EmployeeDaoImplTest@49fc609f]" name="springTestContextBeforeTestMethod" is-config="true" duration-ms="3" started-at="2019-01-24T17:38:40Z" finished-at="2019-01-24T17:38:40Z">
          <params>
            <param index="0">
              <value>
                <![CDATA[public void com.websystique.springmvc.dao.EmployeeDaoImplTest.deleteEmployeeBySsn()]]>
              </value>
            </param>
          </params>
          <reporter-output>
          </reporter-output>
        </test-method> <!-- springTestContextBeforeTestMethod -->
        <test-method status="PASS" signature="setUp()[pri:0, instance:com.websystique.springmvc.dao.EmployeeDaoImplTest@49fc609f]" name="setUp" is-config="true" duration-ms="50" started-at="2019-01-24T17:38:40Z" finished-at="2019-01-24T17:38:40Z">
          <reporter-output>
          </reporter-output>
        </test-method> <!-- setUp -->
        <test-method status="PASS" signature="deleteEmployeeBySsn()[pri:0, instance:com.websystique.springmvc.dao.EmployeeDaoImplTest@49fc609f]" name="deleteEmployeeBySsn" duration-ms="3" started-at="2019-01-24T17:38:40Z" finished-at="2019-01-24T17:38:40Z">
          <reporter-output>
          </reporter-output>
        </test-method> <!-- deleteEmployeeBySsn -->
        <test-method status="PASS" signature="springTestContextAfterTestMethod(java.lang.reflect.Method)[pri:0, instance:com.websystique.springmvc.dao.EmployeeDaoImplTest@49fc609f]" name="springTestContextAfterTestMethod" is-config="true" duration-ms="3" started-at="2019-01-24T17:38:40Z" finished-at="2019-01-24T17:38:40Z">
          <params>
            <param index="0">
              <value>
                <![CDATA[public void com.websystique.springmvc.dao.EmployeeDaoImplTest.deleteEmployeeBySsn()]]>
              </value>
            </param>
          </params>
          <reporter-output>
          </reporter-output>
        </test-method> <!-- springTestContextAfterTestMethod -->
        <test-method status="PASS" signature="springTestContextBeforeTestMethod(java.lang.reflect.Method)[pri:0, instance:com.websystique.springmvc.dao.EmployeeDaoImplTest@49fc609f]" name="springTestContextBeforeTestMethod" is-config="true" duration-ms="2" started-at="2019-01-24T17:38:40Z" finished-at="2019-01-24T17:38:40Z">
          <params>
            <param index="0">
              <value>
                <![CDATA[public void com.websystique.springmvc.dao.EmployeeDaoImplTest.findAllEmployees()]]>
              </value>
            </param>
          </params>
          <reporter-output>
          </reporter-output>
        </test-method> <!-- springTestContextBeforeTestMethod -->
        <test-method status="PASS" signature="setUp()[pri:0, instance:com.websystique.springmvc.dao.EmployeeDaoImplTest@49fc609f]" name="setUp" is-config="true" duration-ms="7" started-at="2019-01-24T17:38:40Z" finished-at="2019-01-24T17:38:40Z">
          <reporter-output>
          </reporter-output>
        </test-method> <!-- setUp -->
        <test-method status="PASS" signature="findAllEmployees()[pri:0, instance:com.websystique.springmvc.dao.EmployeeDaoImplTest@49fc609f]" name="findAllEmployees" duration-ms="2" started-at="2019-01-24T17:38:40Z" finished-at="2019-01-24T17:38:40Z">
          <reporter-output>
          </reporter-output>
        </test-method> <!-- findAllEmployees -->
        <test-method status="PASS" signature="springTestContextAfterTestMethod(java.lang.reflect.Method)[pri:0, instance:com.websystique.springmvc.dao.EmployeeDaoImplTest@49fc609f]" name="springTestContextAfterTestMethod" is-config="true" duration-ms="1" started-at="2019-01-24T17:38:40Z" finished-at="2019-01-24T17:38:40Z">
          <params>
            <param index="0">
              <value>
                <![CDATA[public void com.websystique.springmvc.dao.EmployeeDaoImplTest.findAllEmployees()]]>
              </value>
            </param>
          </params>
          <reporter-output>
          </reporter-output>
        </test-method> <!-- springTestContextAfterTestMethod -->
        <test-method status="PASS" signature="springTestContextBeforeTestMethod(java.lang.reflect.Method)[pri:0, instance:com.websystique.springmvc.dao.EmployeeDaoImplTest@49fc609f]" name="springTestContextBeforeTestMethod" is-config="true" duration-ms="5" started-at="2019-01-24T17:38:40Z" finished-at="2019-01-24T17:38:40Z">
          <params>
            <param index="0">
              <value>
                <![CDATA[public void com.websystique.springmvc.dao.EmployeeDaoImplTest.findById()]]>
              </value>
            </param>
          </params>
          <reporter-output>
          </reporter-output>
        </test-method> <!-- springTestContextBeforeTestMethod -->
        <test-method status="PASS" signature="setUp()[pri:0, instance:com.websystique.springmvc.dao.EmployeeDaoImplTest@49fc609f]" name="setUp" is-config="true" duration-ms="40" started-at="2019-01-24T17:38:40Z" finished-at="2019-01-24T17:38:40Z">
          <reporter-output>
          </reporter-output>
        </test-method> <!-- setUp -->
        <test-method status="PASS" signature="findById()[pri:0, instance:com.websystique.springmvc.dao.EmployeeDaoImplTest@49fc609f]" name="findById" duration-ms="13" started-at="2019-01-24T17:38:40Z" finished-at="2019-01-24T17:38:40Z">
          <reporter-output>
          </reporter-output>
        </test-method> <!-- findById -->
        <test-method status="PASS" signature="springTestContextAfterTestMethod(java.lang.reflect.Method)[pri:0, instance:com.websystique.springmvc.dao.EmployeeDaoImplTest@49fc609f]" name="springTestContextAfterTestMethod" is-config="true" duration-ms="1" started-at="2019-01-24T17:38:40Z" finished-at="2019-01-24T17:38:40Z">
          <params>
            <param index="0">
              <value>
                <![CDATA[public void com.websystique.springmvc.dao.EmployeeDaoImplTest.findById()]]>
              </value>
            </param>
          </params>
          <reporter-output>
          </reporter-output>
        </test-method> <!-- springTestContextAfterTestMethod -->
        <test-method status="PASS" signature="springTestContextBeforeTestMethod(java.lang.reflect.Method)[pri:0, instance:com.websystique.springmvc.dao.EmployeeDaoImplTest@49fc609f]" name="springTestContextBeforeTestMethod" is-config="true" duration-ms="2" started-at="2019-01-24T17:38:40Z" finished-at="2019-01-24T17:38:40Z">
          <params>
            <param index="0">
              <value>
                <![CDATA[public void com.websystique.springmvc.dao.EmployeeDaoImplTest.findEmployeeBySsn()]]>
              </value>
            </param>
          </params>
          <reporter-output>
          </reporter-output>
        </test-method> <!-- springTestContextBeforeTestMethod -->
        <test-method status="PASS" signature="setUp()[pri:0, instance:com.websystique.springmvc.dao.EmployeeDaoImplTest@49fc609f]" name="setUp" is-config="true" duration-ms="7" started-at="2019-01-24T17:38:40Z" finished-at="2019-01-24T17:38:40Z">
          <reporter-output>
          </reporter-output>
        </test-method> <!-- setUp -->
        <test-method status="PASS" signature="findEmployeeBySsn()[pri:0, instance:com.websystique.springmvc.dao.EmployeeDaoImplTest@49fc609f]" name="findEmployeeBySsn" duration-ms="13" started-at="2019-01-24T17:38:40Z" finished-at="2019-01-24T17:38:40Z">
          <reporter-output>
          </reporter-output>
        </test-method> <!-- findEmployeeBySsn -->
        <test-method status="PASS" signature="springTestContextAfterTestMethod(java.lang.reflect.Method)[pri:0, instance:com.websystique.springmvc.dao.EmployeeDaoImplTest@49fc609f]" name="springTestContextAfterTestMethod" is-config="true" duration-ms="2" started-at="2019-01-24T17:38:40Z" finished-at="2019-01-24T17:38:40Z">
          <params>
            <param index="0">
              <value>
                <![CDATA[public void com.websystique.springmvc.dao.EmployeeDaoImplTest.findEmployeeBySsn()]]>
              </value>
            </param>
          </params>
          <reporter-output>
          </reporter-output>
        </test-method> <!-- springTestContextAfterTestMethod -->
        <test-method status="PASS" signature="springTestContextBeforeTestMethod(java.lang.reflect.Method)[pri:0, instance:com.websystique.springmvc.dao.EmployeeDaoImplTest@49fc609f]" name="springTestContextBeforeTestMethod" is-config="true" duration-ms="10" started-at="2019-01-24T17:38:40Z" finished-at="2019-01-24T17:38:40Z">
          <params>
            <param index="0">
              <value>
                <![CDATA[public void com.websystique.springmvc.dao.EmployeeDaoImplTest.saveEmployee()]]>
              </value>
            </param>
          </params>
          <reporter-output>
          </reporter-output>
        </test-method> <!-- springTestContextBeforeTestMethod -->
        <test-method status="PASS" signature="setUp()[pri:0, instance:com.websystique.springmvc.dao.EmployeeDaoImplTest@49fc609f]" name="setUp" is-config="true" duration-ms="43" started-at="2019-01-24T17:38:40Z" finished-at="2019-01-24T17:38:40Z">
          <reporter-output>
          </reporter-output>
        </test-method> <!-- setUp -->
        <test-method status="PASS" signature="saveEmployee()[pri:0, instance:com.websystique.springmvc.dao.EmployeeDaoImplTest@49fc609f]" name="saveEmployee" duration-ms="26" started-at="2019-01-24T17:38:40Z" finished-at="2019-01-24T17:38:40Z">
          <reporter-output>
          </reporter-output>
        </test-method> <!-- saveEmployee -->
        <test-method status="PASS" signature="springTestContextAfterTestMethod(java.lang.reflect.Method)[pri:0, instance:com.websystique.springmvc.dao.EmployeeDaoImplTest@49fc609f]" name="springTestContextAfterTestMethod" is-config="true" duration-ms="3" started-at="2019-01-24T17:38:40Z" finished-at="2019-01-24T17:38:40Z">
          <params>
            <param index="0">
              <value>
                <![CDATA[public void com.websystique.springmvc.dao.EmployeeDaoImplTest.saveEmployee()]]>
              </value>
            </param>
          </params>
          <reporter-output>
          </reporter-output>
        </test-method> <!-- springTestContextAfterTestMethod -->
        <test-method status="PASS" signature="springTestContextAfterTestClass()[pri:0, instance:com.websystique.springmvc.dao.EmployeeDaoImplTest@49fc609f]" name="springTestContextAfterTestClass" is-config="true" duration-ms="0" started-at="2019-01-24T17:38:40Z" finished-at="2019-01-24T17:38:40Z">
          <reporter-output>
          </reporter-output>
        </test-method> <!-- springTestContextAfterTestClass -->
      </class> <!-- com.websystique.springmvc.dao.EmployeeDaoImplTest -->
    </test> <!-- Command line test -->
  </suite> <!-- Command line suite -->
</testng-results>
